app/build/outputs/logs/manifest-merger-debug-report.txt
-- Merging decision tree log ---
manifest
ADDED from src\main\AndroidManifest.xml:2:1-57:12
	package
		ADDED from src\main\AndroidManifest.xml:2:11-37
		INJECTED from src\main\AndroidManifest.xml
		INJECTED from src\main\AndroidManifest.xml
	android:versionName
		ADDED from src\main\AndroidManifest.xml:4:7-32
	android:versionCode
		ADDED from src\main\AndroidManifest.xml:3:7-30
		INJECTED from src\main\AndroidManifest.xml
		INJECTED from src\main\AndroidManifest.xml
	xmlns:android
		ADDED from src\main\AndroidManifest.xml:4:33-91
supports-screens
ADDED from src\main\AndroidManifest.xml:5:7-10:9
	android:largeScreens
		ADDED from src\main\AndroidManifest.xml:8:8-35
	android:smallScreens
		ADDED from src\main\AndroidManifest.xml:6:8-35
	android:normalScreens
		ADDED from src\main\AndroidManifest.xml:7:8-36
	android:anyDensity
		ADDED from src\main\AndroidManifest.xml:9:8-33
application
ADDED from src\main\AndroidManifest.xml:11:5-48:19
	android:label
		ADDED from src\main\AndroidManifest.xml:11:48-80
	android:icon
		ADDED from src\main\AndroidManifest.xml:11:18-47
activity#com.example.demo.connect
ADDED from src\main\AndroidManifest.xml:13:3-18:14
	android:screenOrientation
		ADDED from src\main\AndroidManifest.xml:14:7-43
	android:name
		ADDED from src\main\AndroidManifest.xml:13:13-35
intent-filter#android.intent.category.LAUNCHER
ADDED from src\main\AndroidManifest.xml:15:4-17:20
category#android.intent.category.LAUNCHER
ADDED from src\main\AndroidManifest.xml:16:5-64
	android:name
		ADDED from src\main\AndroidManifest.xml:16:15-62
activity#com.example.demo.WifiScanActivity
ADDED from src\main\AndroidManifest.xml:19:3-25:14
	android:screenOrientation
		ADDED from src\main\AndroidManifest.xml:20:7-43
	android:name
		ADDED from src\main\AndroidManifest.xml:19:13-44
intent-filter#android.intent.action.MAIN+android.intent.category.LAUNCHER
ADDED from src\main\AndroidManifest.xml:21:4-24:20
action#android.intent.action.MAIN
ADDED from src\main\AndroidManifest.xml:22:5-56
	android:name
		ADDED from src\main\AndroidManifest.xml:22:13-54
activity#com.example.demo.PasswordActivity
ADDED from src\main\AndroidManifest.xml:26:3-29:20
	android:label
		ADDED from src\main\AndroidManifest.xml:27:19-51
	android:theme
		ADDED from src\main\AndroidManifest.xml:28:19-62
	android:name
		ADDED from src\main\AndroidManifest.xml:26:13-45
activity#com.example.demo.Choice_main
ADDED from src\main\AndroidManifest.xml:30:3-31:55
	android:screenOrientation
		ADDED from src\main\AndroidManifest.xml:31:7-43
	android:name
		ADDED from src\main\AndroidManifest.xml:30:13-39
activity#com.example.demo.Automatically
ADDED from src\main\AndroidManifest.xml:32:3-33:55
	android:screenOrientation
		ADDED from src\main\AndroidManifest.xml:33:7-43
	android:name
		ADDED from src\main\AndroidManifest.xml:32:13-41
activity#com.example.demo.Manually
ADDED from src\main\AndroidManifest.xml:34:3-35:55
	android:screenOrientation
		ADDED from src\main\AndroidManifest.xml:35:7-43
	android:name
		ADDED from src\main\AndroidManifest.xml:34:13-36
activity#com.example.demo.Map_3
ADDED from src\main\AndroidManifest.xml:36:3-37:55
	android:screenOrientation
		ADDED from src\main\AndroidManifest.xml:37:7-43
	android:name
		ADDED from src\main\AndroidManifest.xml:36:13-33
activity#com.example.demo.Map_4
ADDED from src\main\AndroidManifest.xml:38:3-39:55
	android:screenOrientation
		ADDED from src\main\AndroidManifest.xml:39:7-43
	android:name
		ADDED from src\main\AndroidManifest.xml:38:13-33
activity#com.example.demo.Map_5
ADDED from src\main\AndroidManifest.xml:40:3-41:55
	android:screenOrientation
		ADDED from src\main\AndroidManifest.xml:41:7-43
	android:name
		ADDED from src\main\AndroidManifest.xml:40:13-33
activity#com.example.demo.Map_3_m
ADDED from src\main\AndroidManifest.xml:42:3-43:55
	android:screenOrientation
		ADDED from src\main\AndroidManifest.xml:43:7-43
	android:name
		ADDED from src\main\AndroidManifest.xml:42:13-35
activity#com.example.demo.Map_4_m
ADDED from src\main\AndroidManifest.xml:44:3-45:55
	android:screenOrientation
		ADDED from src\main\AndroidManifest.xml:45:7-43
	android:name
		ADDED from src\main\AndroidManifest.xml:44:13-35
activity#com.example.demo.Map_5_m
ADDED from src\main\AndroidManifest.xml:46:3-47:55
	android:screenOrientation
		ADDED from src\main\AndroidManifest.xml:47:7-43
	android:name
		ADDED from src\main\AndroidManifest.xml:46:13-35
uses-permission#android.permission.INTERNET
ADDED from src\main\AndroidManifest.xml:50:3-81
	android:name
		ADDED from src\main\AndroidManifest.xml:50:20-62
uses-permission#android.permission.ACCESS_WIFI_STATE
ADDED from src\main\AndroidManifest.xml:51:2-89
	android:name
		ADDED from src\main\AndroidManifest.xml:51:19-70
uses-permission#android.permission.CHANGE_WIFI_STATE
ADDED from src\main\AndroidManifest.xml:52:4-91
	android:name
		ADDED from src\main\AndroidManifest.xml:52:21-72
uses-sdk
ADDED from src\main\AndroidManifest.xml:54:5-43
	android:targetSdkVersion
		INJECTED from src\main\AndroidManifest.xml
		INJECTED from src\main\AndroidManifest.xml
	android:minSdkVersion
		ADDED from src\main\AndroidManifest.xml:54:15-40
		INJECTED from src\main\AndroidManifest.xml
		INJECTED from src\main\AndroidManifest.xml